<?xml version="1.0" encoding="UTF-8"?>
<robot generator="Robot 4.1.1 (Python 3.9.5 on darwin)" generated="20210913 20:18:05.605" rpa="false" schemaversion="2">
<suite id="s1" name="Test-Mercatus" source="/Users/admin/Projects/mercatus_mobile_aut/appium/sample-code/robotframework/tests/test-mercatus.robot">
<test id="s1-t1" name="Mobile Test">
<kw name="Set Local Executor">
<kw name="Return From Keyword" library="BuiltIn">
<arg>http://127.0.0.1:4723/wd/hub</arg>
<doc>Returns from the enclosing user keyword.</doc>
<msg timestamp="20210913 20:18:06.188" level="INFO">Returning from the enclosing user keyword.</msg>
<status status="PASS" starttime="20210913 20:18:06.184" endtime="20210913 20:18:06.199"/>
</kw>
<status status="PASS" starttime="20210913 20:18:06.160" endtime="20210913 20:18:06.200"/>
</kw>
<kw name="Open Android Test App">
<kw name="Open Application" library="AppiumLibrary">
<arg>${executor}</arg>
<arg>automationName=${ANDROID_AUTOMATION_NAME}</arg>
<arg>app=${ANDROID_APP}</arg>
<arg>platformName=${ANDROID_PLATFORM_NAME}</arg>
<arg>platformVersion=${ANDROID_PLATFORM_VERSION}</arg>
<arg>appPackage=${ANDROID_APP_PACKAGE}</arg>
<arg>appActivity=${appActivity}</arg>
<arg>deviceName=${ANDROID_DEVICE_NAME}</arg>
<doc>Opens a new application to given Appium server.
Capabilities of appium server, Android and iOS,
Please check https://github.com/appium/appium/blob/master/docs/en/writing-running-appium/server-args.md
| *Option*            | *Man.* | *Description*     |
| remote_url          | Yes    | Appium server url |
| alias               | no     | alias             |</doc>
<status status="PASS" starttime="20210913 20:18:06.210" endtime="20210913 20:18:19.351"/>
</kw>
<status status="PASS" starttime="20210913 20:18:06.201" endtime="20210913 20:18:19.352"/>
</kw>
<kw name="Navegate to App">
<kw name="Click Element" library="AppiumLibrary">
<arg>//*[@text='App']</arg>
<doc>Click element identified by `locator`.</doc>
<msg timestamp="20210913 20:18:19.364" level="INFO">Clicking element '//*[@text='App']'.</msg>
<status status="PASS" starttime="20210913 20:18:19.357" endtime="20210913 20:18:19.840"/>
</kw>
<kw name="Sleep" library="BuiltIn">
<arg>1</arg>
<doc>Pauses the test executed for the given time.</doc>
<msg timestamp="20210913 20:18:20.843" level="INFO">Slept 1 second</msg>
<status status="PASS" starttime="20210913 20:18:19.840" endtime="20210913 20:18:20.843"/>
</kw>
<status status="PASS" starttime="20210913 20:18:19.353" endtime="20210913 20:18:20.843"/>
</kw>
<kw name="Navegate to Activity">
<kw name="Click Element" library="AppiumLibrary">
<arg>//*[@text='Activity']</arg>
<doc>Click element identified by `locator`.</doc>
<msg timestamp="20210913 20:18:20.852" level="INFO">Clicking element '//*[@text='Activity']'.</msg>
<status status="PASS" starttime="20210913 20:18:20.846" endtime="20210913 20:18:21.739"/>
</kw>
<kw name="Sleep" library="BuiltIn">
<arg>1</arg>
<doc>Pauses the test executed for the given time.</doc>
<msg timestamp="20210913 20:18:22.740" level="INFO">Slept 1 second</msg>
<status status="PASS" starttime="20210913 20:18:21.739" endtime="20210913 20:18:22.740"/>
</kw>
<status status="PASS" starttime="20210913 20:18:20.844" endtime="20210913 20:18:22.741"/>
</kw>
<kw name="Navegate to Hello-Word">
<kw name="Click Element" library="AppiumLibrary">
<arg>//*[@text='Hello World']</arg>
<doc>Click element identified by `locator`.</doc>
<msg timestamp="20210913 20:18:22.748" level="INFO">Clicking element '//*[@text='Hello World']'.</msg>
<status status="PASS" starttime="20210913 20:18:22.742" endtime="20210913 20:18:24.950"/>
</kw>
<kw name="Sleep" library="BuiltIn">
<arg>1</arg>
<doc>Pauses the test executed for the given time.</doc>
<msg timestamp="20210913 20:18:25.951" level="INFO">Slept 1 second</msg>
<status status="PASS" starttime="20210913 20:18:24.950" endtime="20210913 20:18:25.952"/>
</kw>
<status status="PASS" starttime="20210913 20:18:22.741" endtime="20210913 20:18:25.952"/>
</kw>
<kw name="Check Text Hello-world">
<kw name="Element Should Contain Text" library="AppiumLibrary">
<arg>//*[@content-desc='Hello, World!']</arg>
<arg>Hello, World!</arg>
<doc>Verifies element identified by ``locator`` contains text ``expected``.</doc>
<msg timestamp="20210913 20:18:25.956" level="INFO">Verifying element '//*[@content-desc='Hello, World!']' contains text 'Hello, World!'.</msg>
<status status="PASS" starttime="20210913 20:18:25.953" endtime="20210913 20:18:26.049"/>
</kw>
<status status="PASS" starttime="20210913 20:18:25.952" endtime="20210913 20:18:26.050"/>
</kw>
<kw name="Close Application" library="AppiumLibrary" type="TEARDOWN">
<doc>Closes the current application and also close webdriver session.</doc>
<status status="PASS" starttime="20210913 20:18:26.052" endtime="20210913 20:18:26.476"/>
</kw>
<status status="PASS" starttime="20210913 20:18:06.152" endtime="20210913 20:18:26.476"/>
</test>
<status status="PASS" starttime="20210913 20:18:05.607" endtime="20210913 20:18:26.477"/>
</suite>
<statistics>
<total>
<stat pass="1" fail="0" skip="0">All Tests</stat>
</total>
<tag>
</tag>
<suite>
<stat pass="1" fail="0" skip="0" id="s1" name="Test-Mercatus">Test-Mercatus</stat>
</suite>
</statistics>
<errors>
</errors>
</robot>
